<?xml version="1.0" encoding="UTF-8"?>
<coverage generated="1738663354560" clover="3.2.0">
  <project timestamp="1738663354561" name="All files">
    <metrics statements="18" coveredstatements="8" conditionals="4" coveredconditionals="2" methods="5" coveredmethods="1" elements="27" coveredelements="11" complexity="0" loc="18" ncloc="18" packages="1" files="2" classes="2"/>
    <file name="formHandler.js" path="C:\Users\saifd\Desktop\Github\a\Udacity-v2\v2\src\client\js\formHandler.js">
      <metrics statements="12" coveredstatements="2" conditionals="2" coveredconditionals="0" methods="4" coveredmethods="0"/>
      <line num="1" count="1" type="stmt"/>
      <line num="4" count="0" type="stmt"/>
      <line num="6" count="0" type="stmt"/>
      <line num="8" count="0" type="cond" truecount="0" falsecount="2"/>
      <line num="9" count="0" type="stmt"/>
      <line num="10" count="0" type="stmt"/>
      <line num="13" count="0" type="stmt"/>
      <line num="15" count="0" type="stmt"/>
      <line num="20" count="0" type="stmt"/>
      <line num="22" count="0" type="stmt"/>
      <line num="24" count="0" type="stmt"/>
      <line num="28" count="1" type="stmt"/>
    </file>
    <file name="nameChecker.js" path="C:\Users\saifd\Desktop\Github\a\Udacity-v2\v2\src\client\js\nameChecker.js">
      <metrics statements="6" coveredstatements="6" conditionals="2" coveredconditionals="2" methods="1" coveredmethods="1"/>
      <line num="2" count="2" type="stmt"/>
      <line num="3" count="2" type="stmt"/>
      <line num="5" count="2" type="cond" truecount="2" falsecount="0"/>
      <line num="6" count="1" type="stmt"/>
      <line num="8" count="1" type="stmt"/>
      <line num="12" count="2" type="stmt"/>
    </file>
  </project>
</coverage>
