<?xml version="1.0" encoding="UTF-8"?>
<coverage generated="1738664654137" clover="3.2.0">
  <project timestamp="1738664654137" name="All files">
    <metrics statements="18" coveredstatements="15" conditionals="4" coveredconditionals="3" methods="5" coveredmethods="4" elements="27" coveredelements="22" complexity="0" loc="18" ncloc="18" packages="1" files="2" classes="2"/>
    <file name="formHandler.js" path="C:\Users\saifd\Desktop\Github\a\Udacity-v2\v2\src\client\js\formHandler.js">
      <metrics statements="12" coveredstatements="9" conditionals="2" coveredconditionals="1" methods="4" coveredmethods="3"/>
      <line num="1" count="1" type="stmt"/>
      <line num="4" count="1" type="stmt"/>
      <line num="6" count="1" type="stmt"/>
      <line num="8" count="1" type="cond" truecount="1" falsecount="1"/>
      <line num="9" count="0" type="stmt"/>
      <line num="10" count="0" type="stmt"/>
      <line num="13" count="1" type="stmt"/>
      <line num="15" count="1" type="stmt"/>
      <line num="20" count="1" type="stmt"/>
      <line num="22" count="1" type="stmt"/>
      <line num="24" count="0" type="stmt"/>
      <line num="27" count="1" type="stmt"/>
    </file>
    <file name="nameChecker.js" path="C:\Users\saifd\Desktop\Github\a\Udacity-v2\v2\src\client\js\nameChecker.js">
      <metrics statements="6" coveredstatements="6" conditionals="2" coveredconditionals="2" methods="1" coveredmethods="1"/>
      <line num="2" count="3" type="stmt"/>
      <line num="3" count="3" type="stmt"/>
      <line num="5" count="3" type="cond" truecount="2" falsecount="0"/>
      <line num="6" count="1" type="stmt"/>
      <line num="8" count="2" type="stmt"/>
      <line num="12" count="2" type="stmt"/>
    </file>
  </project>
</coverage>
