TN:
SF:src\client\js\formHandler.js
FN:3,handleSubmit
FN:20,(anonymous_1)
FN:21,(anonymous_2)
FN:24,(anonymous_3)
FNF:4
FNH:3
FNDA:1,handleSubmit
FNDA:1,(anonymous_1)
FNDA:1,(anonymous_2)
FNDA:0,(anonymous_3)
DA:1,1
DA:4,1
DA:6,1
DA:8,1
DA:9,0
DA:10,0
DA:13,1
DA:15,1
DA:20,1
DA:22,1
DA:24,0
DA:27,1
LF:12
LH:9
BRDA:8,0,0,0
BRDA:8,0,1,1
BRF:2
BRH:1
end_of_record
TN:
SF:src\client\js\nameChecker.js
FN:1,checkForName
FNF:1
FNH:1
FNDA:3,checkForName
DA:2,3
DA:3,3
DA:5,3
DA:6,1
DA:8,2
DA:12,2
LF:6
LH:6
BRDA:5,0,0,1
BRDA:5,0,1,2
BRF:2
BRH:2
end_of_record
