TN:
SF:src\client\js\formHandler.js
FN:3,handleSubmit
FN:20,(anonymous_1)
FN:21,(anonymous_2)
FN:24,(anonymous_3)
FNF:4
FNH:0
FNDA:0,handleSubmit
FNDA:0,(anonymous_1)
FNDA:0,(anonymous_2)
FNDA:0,(anonymous_3)
DA:1,1
DA:4,0
DA:6,0
DA:8,0
DA:9,0
DA:10,0
DA:13,0
DA:15,0
DA:20,0
DA:22,0
DA:24,0
DA:28,1
LF:12
LH:2
BRDA:8,0,0,0
BRDA:8,0,1,0
BRF:2
BRH:0
end_of_record
TN:
SF:src\client\js\nameChecker.js
FN:1,checkForName
FNF:1
FNH:1
FNDA:2,checkForName
DA:2,2
DA:3,2
DA:5,2
DA:6,1
DA:8,1
DA:12,2
LF:6
LH:6
BRDA:5,0,0,1
BRDA:5,0,1,1
BRF:2
BRH:2
end_of_record
